<?xml version="1.0" encoding="UTF-8"?>
<!-- Generated by org.testng.reporters.JUnitReportReporter -->
<testsuite hostname="Prajwals-MacBook-Air.local" failures="0" tests="3" name="makemytrip.makemytrip" time="66.750" errors="0" timestamp="2024-07-23T15:38:28 IST" skipped="0">
  <testcase classname="makemytrip.makemytrip" name="Search" time="42.401"/>
  <testcase classname="makemytrip.makemytrip" name="urllanding" time="12.526"/>
  <testcase classname="makemytrip.makemytrip" name="Title" time="11.823"/>
</testsuite> <!-- makemytrip.makemytrip -->
